2026-06-23 22:38:26 INFO  pl.dzik.controller.AlertController - Zapisano nowy alert cenowy dla krypto ID: 1
2026-06-23 22:38:26 WARN  pl.dzik.controller.AlertController - Walidacja alertu nie powiodła się: Cena docelowa musi być większa od zera.
2026-06-23 22:38:26 WARN  pl.dzik.controller.AlertController - Zła cena: abc
2026-06-23 22:38:26 INFO  pl.dzik.client.CoinGeckoClient - Pobieranie aktualnych kursów rynkowych z API dla: [bitcoin]
2026-06-23 22:38:26 INFO  pl.dzik.client.CoinGeckoClient - Wysyłanie zapytania do API o listę początkową kryptowalut (TOP 250)...
2026-06-23 22:38:26 INFO  pl.dzik.client.CoinGeckoClient - Wysyłanie zapytania do API o listę początkową kryptowalut (TOP 250)...
2026-06-23 22:38:26 WARN  pl.dzik.client.CoinGeckoClient - Wykryto przekroczenie limitu zapytań HTTP 429 podczas pobieranie listy kryptowalut.
2026-06-23 22:38:26 INFO  pl.dzik.client.CoinGeckoClient - Pobieranie aktualnych kursów rynkowych z API dla: [bitcoin]
2026-06-23 22:38:27 INFO  pl.dzik.client.CoinGeckoClient - Wysyłanie zapytania do API o listę początkową kryptowalut (TOP 250)...
2026-06-23 22:38:27 INFO  pl.dzik.client.CoinGeckoClient - Wysyłanie zapytania do API o listę początkową kryptowalut (TOP 250)...
2026-06-23 22:38:27 ERROR pl.dzik.client.CoinGeckoClient - Krytyczny błąd podczas nawiązywania połączenie sieciowego z API.
java.io.IOException: Brak sieci
	at crypto.analyst@1.0-SNAPSHOT/pl.dzik.client.CoinGeckoClient.sendGetRequest(CoinGeckoClient.java:143)
	at crypto.analyst@1.0-SNAPSHOT/pl.dzik.client.CoinGeckoClient.fetchTop250Cryptos(CoinGeckoClient.java:57)
	at crypto.analyst@1.0-SNAPSHOT/pl.dzik.client.CoinGeckoClientTest.lambda$fetchTop250_ioException$2(CoinGeckoClientTest.java:109)
	at org.junit.jupiter.api.AssertThrows.assertThrows(AssertThrows.java:53)
	at org.junit.jupiter.api.AssertThrows.assertThrows(AssertThrows.java:35)
	at org.junit.jupiter.api.Assertions.assertThrows(Assertions.java:3128)
	at crypto.analyst@1.0-SNAPSHOT/pl.dzik.client.CoinGeckoClientTest.fetchTop250_ioException(CoinGeckoClientTest.java:109)
	at java.base/jdk.internal.reflect.DirectMethodHandleAccessor.invoke(DirectMethodHandleAccessor.java:103)
	at java.base/java.lang.reflect.Method.invoke(Method.java:580)
	at org.junit.platform.commons.util.ReflectionUtils.invokeMethod(ReflectionUtils.java:767)
	at org.junit.jupiter.engine.execution.MethodInvocation.proceed(MethodInvocation.java:60)
	at org.junit.jupiter.engine.execution.InvocationInterceptorChain$ValidatingInvocation.proceed(InvocationInterceptorChain.java:131)
	at org.junit.jupiter.engine.extension.TimeoutExtension.intercept(TimeoutExtension.java:156)
	at org.junit.jupiter.engine.extension.TimeoutExtension.interceptTestableMethod(TimeoutExtension.java:147)
	at org.junit.jupiter.engine.extension.TimeoutExtension.interceptTestMethod(TimeoutExtension.java:86)
	at org.junit.jupiter.engine.execution.InterceptingExecutableInvoker$ReflectiveInterceptorCall.lambda$ofVoidMethod$0(InterceptingExecutableInvoker.java:103)
	at org.junit.jupiter.engine.execution.InterceptingExecutableInvoker.lambda$invoke$0(InterceptingExecutableInvoker.java:93)
	at org.junit.jupiter.engine.execution.InvocationInterceptorChain$InterceptedInvocation.proceed(InvocationInterceptorChain.java:106)
	at org.junit.jupiter.engine.execution.InvocationInterceptorChain.proceed(InvocationInterceptorChain.java:64)
	at org.junit.jupiter.engine.execution.InvocationInterceptorChain.chainAndInvoke(InvocationInterceptorChain.java:45)
	at org.junit.jupiter.engine.execution.InvocationInterceptorChain.invoke(InvocationInterceptorChain.java:37)
	at org.junit.jupiter.engine.execution.InterceptingExecutableInvoker.invoke(InterceptingExecutableInvoker.java:92)
	at org.junit.jupiter.engine.execution.InterceptingExecutableInvoker.invoke(InterceptingExecutableInvoker.java:86)
	at org.junit.jupiter.engine.descriptor.TestMethodTestDescriptor.lambda$invokeTestMethod$8(TestMethodTestDescriptor.java:217)
	at org.junit.platform.engine.support.hierarchical.ThrowableCollector.execute(ThrowableCollector.java:73)
	at org.junit.jupiter.engine.descriptor.TestMethodTestDescriptor.invokeTestMethod(TestMethodTestDescriptor.java:213)
	at org.junit.jupiter.engine.descriptor.TestMethodTestDescriptor.execute(TestMethodTestDescriptor.java:138)
	at org.junit.jupiter.engine.descriptor.TestMethodTestDescriptor.execute(TestMethodTestDescriptor.java:68)
	at org.junit.platform.engine.support.hierarchical.NodeTestTask.lambda$executeRecursively$6(NodeTestTask.java:156)
	at org.junit.platform.engine.support.hierarchical.ThrowableCollector.execute(ThrowableCollector.java:73)
	at org.junit.platform.engine.support.hierarchical.NodeTestTask.lambda$executeRecursively$8(NodeTestTask.java:146)
	at org.junit.platform.engine.support.hierarchical.Node.around(Node.java:137)
	at org.junit.platform.engine.support.hierarchical.NodeTestTask.lambda$executeRecursively$9(NodeTestTask.java:144)
	at org.junit.platform.engine.support.hierarchical.ThrowableCollector.execute(ThrowableCollector.java:73)
	at org.junit.platform.engine.support.hierarchical.NodeTestTask.executeRecursively(NodeTestTask.java:143)
	at org.junit.platform.engine.support.hierarchical.NodeTestTask.execute(NodeTestTask.java:100)
	at java.base/java.util.ArrayList.forEach(ArrayList.java:1596)
	at org.junit.platform.engine.support.hierarchical.SameThreadHierarchicalTestExecutorService.invokeAll(SameThreadHierarchicalTestExecutorService.java:41)
	at org.junit.platform.engine.support.hierarchical.NodeTestTask.lambda$executeRecursively$6(NodeTestTask.java:160)
	at org.junit.platform.engine.support.hierarchical.ThrowableCollector.execute(ThrowableCollector.java:73)
	at org.junit.platform.engine.support.hierarchical.NodeTestTask.lambda$executeRecursively$8(NodeTestTask.java:146)
	at org.junit.platform.engine.support.hierarchical.Node.around(Node.java:137)
	at org.junit.platform.engine.support.hierarchical.NodeTestTask.lambda$executeRecursively$9(NodeTestTask.java:144)
	at org.junit.platform.engine.support.hierarchical.ThrowableCollector.execute(ThrowableCollector.java:73)
	at org.junit.platform.engine.support.hierarchical.NodeTestTask.executeRecursively(NodeTestTask.java:143)
	at org.junit.platform.engine.support.hierarchical.NodeTestTask.execute(NodeTestTask.java:100)
	at java.base/java.util.ArrayList.forEach(ArrayList.java:1596)
	at org.junit.platform.engine.support.hierarchical.SameThreadHierarchicalTestExecutorService.invokeAll(SameThreadHierarchicalTestExecutorService.java:41)
	at org.junit.platform.engine.support.hierarchical.NodeTestTask.lambda$executeRecursively$6(NodeTestTask.java:160)
	at org.junit.platform.engine.support.hierarchical.ThrowableCollector.execute(ThrowableCollector.java:73)
	at org.junit.platform.engine.support.hierarchical.NodeTestTask.lambda$executeRecursively$8(NodeTestTask.java:146)
	at org.junit.platform.engine.support.hierarchical.Node.around(Node.java:137)
	at org.junit.platform.engine.support.hierarchical.NodeTestTask.lambda$executeRecursively$9(NodeTestTask.java:144)
	at org.junit.platform.engine.support.hierarchical.ThrowableCollector.execute(ThrowableCollector.java:73)
	at org.junit.platform.engine.support.hierarchical.NodeTestTask.executeRecursively(NodeTestTask.java:143)
	at org.junit.platform.engine.support.hierarchical.NodeTestTask.execute(NodeTestTask.java:100)
	at org.junit.platform.engine.support.hierarchical.SameThreadHierarchicalTestExecutorService.submit(SameThreadHierarchicalTestExecutorService.java:35)
	at org.junit.platform.engine.support.hierarchical.HierarchicalTestExecutor.execute(HierarchicalTestExecutor.java:57)
	at org.junit.platform.engine.support.hierarchical.HierarchicalTestEngine.execute(HierarchicalTestEngine.java:54)
	at org.junit.platform.launcher.core.EngineExecutionOrchestrator.execute(EngineExecutionOrchestrator.java:198)
	at org.junit.platform.launcher.core.EngineExecutionOrchestrator.execute(EngineExecutionOrchestrator.java:169)
	at org.junit.platform.launcher.core.EngineExecutionOrchestrator.execute(EngineExecutionOrchestrator.java:93)
	at org.junit.platform.launcher.core.EngineExecutionOrchestrator.lambda$execute$0(EngineExecutionOrchestrator.java:58)
	at org.junit.platform.launcher.core.EngineExecutionOrchestrator.withInterceptedStreams(EngineExecutionOrchestrator.java:141)
	at org.junit.platform.launcher.core.EngineExecutionOrchestrator.execute(EngineExecutionOrchestrator.java:57)
	at org.junit.platform.launcher.core.DefaultLauncher.execute(DefaultLauncher.java:103)
	at org.junit.platform.launcher.core.DefaultLauncher.execute(DefaultLauncher.java:85)
	at org.junit.platform.launcher.core.DelegatingLauncher.execute(DelegatingLauncher.java:47)
	at org.apache.maven.surefire.junitplatform.LazyLauncher.execute(LazyLauncher.java:56)
	at org.apache.maven.surefire.junitplatform.JUnitPlatformProvider.execute(JUnitPlatformProvider.java:184)
	at org.apache.maven.surefire.junitplatform.JUnitPlatformProvider.invokeAllTests(JUnitPlatformProvider.java:148)
	at org.apache.maven.surefire.junitplatform.JUnitPlatformProvider.invoke(JUnitPlatformProvider.java:122)
	at org.apache.maven.surefire.booter.ForkedBooter.runSuitesInProcess(ForkedBooter.java:385)
	at org.apache.maven.surefire.booter.ForkedBooter.execute(ForkedBooter.java:162)
	at org.apache.maven.surefire.booter.ForkedBooter.run(ForkedBooter.java:507)
	at org.apache.maven.surefire.booter.ForkedBooter.main(ForkedBooter.java:495)
2026-06-23 22:38:27 DEBUG pl.dzik.config.AppConfig - Ładowanie konfiguracji aplikacji...
2026-06-23 22:38:27 DEBUG pl.dzik.config.AppConfig - Tworzenie domyślnej konfiguracji aplikacji.
2026-06-23 22:38:27 DEBUG pl.dzik.config.AppConfig - Tworzenie domyślnej konfiguracji aplikacji...
2026-06-23 22:38:27 INFO  pl.dzik.config.AppConfig - Pomyślnie utworzono domyślną konfigurację.
2026-06-23 22:38:27 DEBUG pl.dzik.config.AppConfig - Zapisywanie konfiguracji aplikacji...
2026-06-23 22:38:27 INFO  pl.dzik.config.AppConfig - Pomyślnie zapisano konfiguracje aplikacji.
2026-06-23 22:38:27 DEBUG pl.dzik.config.AppConfig - Ładowanie konfiguracji aplikacji...
2026-06-23 22:38:27 DEBUG pl.dzik.config.AppConfig - Tworzenie domyślnej konfiguracji aplikacji.
2026-06-23 22:38:27 DEBUG pl.dzik.config.AppConfig - Tworzenie domyślnej konfiguracji aplikacji...
2026-06-23 22:38:27 INFO  pl.dzik.config.AppConfig - Pomyślnie utworzono domyślną konfigurację.
2026-06-23 22:38:27 DEBUG pl.dzik.config.AppConfig - Zapisywanie konfiguracji aplikacji...
2026-06-23 22:38:27 INFO  pl.dzik.config.AppConfig - Pomyślnie zapisano konfiguracje aplikacji.
2026-06-23 22:38:27 DEBUG pl.dzik.config.AppConfig - Ładowanie konfiguracji aplikacji...
2026-06-23 22:38:27 DEBUG pl.dzik.config.AppConfig - Tworzenie domyślnej konfiguracji aplikacji.
2026-06-23 22:38:27 DEBUG pl.dzik.config.AppConfig - Tworzenie domyślnej konfiguracji aplikacji...
2026-06-23 22:38:27 INFO  pl.dzik.config.AppConfig - Pomyślnie utworzono domyślną konfigurację.
2026-06-23 22:38:27 DEBUG pl.dzik.config.AppConfig - Zapisywanie konfiguracji aplikacji...
2026-06-23 22:38:27 INFO  pl.dzik.config.AppConfig - Pomyślnie zapisano konfiguracje aplikacji.
2026-06-23 22:38:27 DEBUG pl.dzik.config.AppConfig - Zapisywanie konfiguracji aplikacji...
2026-06-23 22:38:27 INFO  pl.dzik.config.AppConfig - Pomyślnie zapisano konfiguracje aplikacji.
2026-06-23 22:38:27 ERROR pl.dzik.dao.MarketDataDao - Błąd parsowania lub odczytu danych rynkowych z bazy.
java.time.format.DateTimeParseException: Text 'niepoprawny-format-daty' could not be parsed at index 0
	at java.base/java.time.format.DateTimeFormatter.parseResolved0(DateTimeFormatter.java:2108)
	at java.base/java.time.format.DateTimeFormatter.parse(DateTimeFormatter.java:2010)
	at java.base/java.time.LocalDateTime.parse(LocalDateTime.java:494)
	at java.base/java.time.LocalDateTime.parse(LocalDateTime.java:479)
	at crypto.analyst@1.0-SNAPSHOT/pl.dzik.dao.MarketDataDao.mapRowToMarketData(MarketDataDao.java:97)
	at crypto.analyst@1.0-SNAPSHOT/pl.dzik.dao.MarketDataDaoMappingTest.lambda$mapToMarketData_InvalidCreatedAtFormat_ThrowDateTimeParseException$5(MarketDataDaoMappingTest.java:99)
	at org.junit.jupiter.api.AssertThrows.assertThrows(AssertThrows.java:53)
	at org.junit.jupiter.api.AssertThrows.assertThrows(AssertThrows.java:35)
	at org.junit.jupiter.api.Assertions.assertThrows(Assertions.java:3128)
	at crypto.analyst@1.0-SNAPSHOT/pl.dzik.dao.MarketDataDaoMappingTest.mapToMarketData_InvalidCreatedAtFormat_ThrowDateTimeParseException(MarketDataDaoMappingTest.java:99)
	at java.base/jdk.internal.reflect.DirectMethodHandleAccessor.invoke(DirectMethodHandleAccessor.java:103)
	at java.base/java.lang.reflect.Method.invoke(Method.java:580)
	at org.junit.platform.commons.util.ReflectionUtils.invokeMethod(ReflectionUtils.java:767)
	at org.junit.jupiter.engine.execution.MethodInvocation.proceed(MethodInvocation.java:60)
	at org.junit.jupiter.engine.execution.InvocationInterceptorChain$ValidatingInvocation.proceed(InvocationInterceptorChain.java:131)
	at org.junit.jupiter.engine.extension.TimeoutExtension.intercept(TimeoutExtension.java:156)
	at org.junit.jupiter.engine.extension.TimeoutExtension.interceptTestableMethod(TimeoutExtension.java:147)
	at org.junit.jupiter.engine.extension.TimeoutExtension.interceptTestMethod(TimeoutExtension.java:86)
	at org.junit.jupiter.engine.execution.InterceptingExecutableInvoker$ReflectiveInterceptorCall.lambda$ofVoidMethod$0(InterceptingExecutableInvoker.java:103)
	at org.junit.jupiter.engine.execution.InterceptingExecutableInvoker.lambda$invoke$0(InterceptingExecutableInvoker.java:93)
	at org.junit.jupiter.engine.execution.InvocationInterceptorChain$InterceptedInvocation.proceed(InvocationInterceptorChain.java:106)
	at org.junit.jupiter.engine.execution.InvocationInterceptorChain.proceed(InvocationInterceptorChain.java:64)
	at org.junit.jupiter.engine.execution.InvocationInterceptorChain.chainAndInvoke(InvocationInterceptorChain.java:45)
	at org.junit.jupiter.engine.execution.InvocationInterceptorChain.invoke(InvocationInterceptorChain.java:37)
	at org.junit.jupiter.engine.execution.InterceptingExecutableInvoker.invoke(InterceptingExecutableInvoker.java:92)
	at org.junit.jupiter.engine.execution.InterceptingExecutableInvoker.invoke(InterceptingExecutableInvoker.java:86)
	at org.junit.jupiter.engine.descriptor.TestMethodTestDescriptor.lambda$invokeTestMethod$8(TestMethodTestDescriptor.java:217)
	at org.junit.platform.engine.support.hierarchical.ThrowableCollector.execute(ThrowableCollector.java:73)
	at org.junit.jupiter.engine.descriptor.TestMethodTestDescriptor.invokeTestMethod(TestMethodTestDescriptor.java:213)
	at org.junit.jupiter.engine.descriptor.TestMethodTestDescriptor.execute(TestMethodTestDescriptor.java:138)
	at org.junit.jupiter.engine.descriptor.TestMethodTestDescriptor.execute(TestMethodTestDescriptor.java:68)
	at org.junit.platform.engine.support.hierarchical.NodeTestTask.lambda$executeRecursively$6(NodeTestTask.java:156)
	at org.junit.platform.engine.support.hierarchical.ThrowableCollector.execute(ThrowableCollector.java:73)
	at org.junit.platform.engine.support.hierarchical.NodeTestTask.lambda$executeRecursively$8(NodeTestTask.java:146)
	at org.junit.platform.engine.support.hierarchical.Node.around(Node.java:137)
	at org.junit.platform.engine.support.hierarchical.NodeTestTask.lambda$executeRecursively$9(NodeTestTask.java:144)
	at org.junit.platform.engine.support.hierarchical.ThrowableCollector.execute(ThrowableCollector.java:73)
	at org.junit.platform.engine.support.hierarchical.NodeTestTask.executeRecursively(NodeTestTask.java:143)
	at org.junit.platform.engine.support.hierarchical.NodeTestTask.execute(NodeTestTask.java:100)
	at java.base/java.util.ArrayList.forEach(ArrayList.java:1596)
	at org.junit.platform.engine.support.hierarchical.SameThreadHierarchicalTestExecutorService.invokeAll(SameThreadHierarchicalTestExecutorService.java:41)
	at org.junit.platform.engine.support.hierarchical.NodeTestTask.lambda$executeRecursively$6(NodeTestTask.java:160)
	at org.junit.platform.engine.support.hierarchical.ThrowableCollector.execute(ThrowableCollector.java:73)
	at org.junit.platform.engine.support.hierarchical.NodeTestTask.lambda$executeRecursively$8(NodeTestTask.java:146)
	at org.junit.platform.engine.support.hierarchical.Node.around(Node.java:137)
	at org.junit.platform.engine.support.hierarchical.NodeTestTask.lambda$executeRecursively$9(NodeTestTask.java:144)
	at org.junit.platform.engine.support.hierarchical.ThrowableCollector.execute(ThrowableCollector.java:73)
	at org.junit.platform.engine.support.hierarchical.NodeTestTask.executeRecursively(NodeTestTask.java:143)
	at org.junit.platform.engine.support.hierarchical.NodeTestTask.execute(NodeTestTask.java:100)
	at java.base/java.util.ArrayList.forEach(ArrayList.java:1596)
	at org.junit.platform.engine.support.hierarchical.SameThreadHierarchicalTestExecutorService.invokeAll(SameThreadHierarchicalTestExecutorService.java:41)
	at org.junit.platform.engine.support.hierarchical.NodeTestTask.lambda$executeRecursively$6(NodeTestTask.java:160)
	at org.junit.platform.engine.support.hierarchical.ThrowableCollector.execute(ThrowableCollector.java:73)
	at org.junit.platform.engine.support.hierarchical.NodeTestTask.lambda$executeRecursively$8(NodeTestTask.java:146)
	at org.junit.platform.engine.support.hierarchical.Node.around(Node.java:137)
	at org.junit.platform.engine.support.hierarchical.NodeTestTask.lambda$executeRecursively$9(NodeTestTask.java:144)
	at org.junit.platform.engine.support.hierarchical.ThrowableCollector.execute(ThrowableCollector.java:73)
	at org.junit.platform.engine.support.hierarchical.NodeTestTask.executeRecursively(NodeTestTask.java:143)
	at org.junit.platform.engine.support.hierarchical.NodeTestTask.execute(NodeTestTask.java:100)
	at org.junit.platform.engine.support.hierarchical.SameThreadHierarchicalTestExecutorService.submit(SameThreadHierarchicalTestExecutorService.java:35)
	at org.junit.platform.engine.support.hierarchical.HierarchicalTestExecutor.execute(HierarchicalTestExecutor.java:57)
	at org.junit.platform.engine.support.hierarchical.HierarchicalTestEngine.execute(HierarchicalTestEngine.java:54)
	at org.junit.platform.launcher.core.EngineExecutionOrchestrator.execute(EngineExecutionOrchestrator.java:198)
	at org.junit.platform.launcher.core.EngineExecutionOrchestrator.execute(EngineExecutionOrchestrator.java:169)
	at org.junit.platform.launcher.core.EngineExecutionOrchestrator.execute(EngineExecutionOrchestrator.java:93)
	at org.junit.platform.launcher.core.EngineExecutionOrchestrator.lambda$execute$0(EngineExecutionOrchestrator.java:58)
	at org.junit.platform.launcher.core.EngineExecutionOrchestrator.withInterceptedStreams(EngineExecutionOrchestrator.java:141)
	at org.junit.platform.launcher.core.EngineExecutionOrchestrator.execute(EngineExecutionOrchestrator.java:57)
	at org.junit.platform.launcher.core.DefaultLauncher.execute(DefaultLauncher.java:103)
	at org.junit.platform.launcher.core.DefaultLauncher.execute(DefaultLauncher.java:85)
	at org.junit.platform.launcher.core.DelegatingLauncher.execute(DelegatingLauncher.java:47)
	at org.apache.maven.surefire.junitplatform.LazyLauncher.execute(LazyLauncher.java:56)
	at org.apache.maven.surefire.junitplatform.JUnitPlatformProvider.execute(JUnitPlatformProvider.java:184)
	at org.apache.maven.surefire.junitplatform.JUnitPlatformProvider.invokeAllTests(JUnitPlatformProvider.java:148)
	at org.apache.maven.surefire.junitplatform.JUnitPlatformProvider.invoke(JUnitPlatformProvider.java:122)
	at org.apache.maven.surefire.booter.ForkedBooter.runSuitesInProcess(ForkedBooter.java:385)
	at org.apache.maven.surefire.booter.ForkedBooter.execute(ForkedBooter.java:162)
	at org.apache.maven.surefire.booter.ForkedBooter.run(ForkedBooter.java:507)
	at org.apache.maven.surefire.booter.ForkedBooter.main(ForkedBooter.java:495)
2026-06-23 22:38:28 INFO  pl.dzik.service.AlertService - ALERT! Kryptowaluta Bitcoin (BTC) przebiło cenę docelową 60000.00!. Obecna cena: 65000.00
2026-06-23 22:38:28 INFO  pl.dzik.service.AlertService - Utworzono alert cenowy dla crypto_id: 1
2026-06-23 22:38:28 INFO  pl.dzik.service.AlertService - ALERT! Kryptowaluta Ethereum (ETH) spadło poniżej ceny docelowej 3000.00!. Obecna cena: 2900.00
2026-06-23 22:38:28 INFO  pl.dzik.service.MarketService - Rozpoczęcie procedury odświeżania notowań rynkowych...
2026-06-23 22:38:28 DEBUG pl.dzik.service.MarketService - Zarchiwizowano próbkę cenową dla: Bitcoin (Cena: 65000)
2026-06-23 22:38:28 INFO  pl.dzik.service.MarketService - Zakończono procedurę odświeżania notowań rynkowych
2026-06-23 22:38:28 INFO  pl.dzik.service.MarketService - Rozpoczęcie procedury odświeżania notowań rynkowych...
2026-06-23 22:38:28 INFO  pl.dzik.service.MarketService - Zakończono procedurę odświeżania notowań rynkowych
2026-06-23 22:38:28 INFO  pl.dzik.service.MarketService - Uruchamianie synchronizacji słownika kryptowalut...
2026-06-23 22:38:28 ERROR pl.dzik.service.MarketService - Nie udało się zsynchronizować słownika kryptowalut z API: Błąd połączenia sieciowego z serwerem CoinGecko
2026-06-23 22:38:28 INFO  pl.dzik.service.MarketService - Uruchamianie synchronizacji słownika kryptowalut...
2026-06-23 22:38:28 ERROR pl.dzik.service.MarketService - Nie udało się zapisać słownika kryptowalut w bazie: Błąd zapisu
2026-06-23 22:38:48 INFO  pl.dzik.App - Uruchamianie okna głównego aplikacji...
2026-06-23 22:38:48 DEBUG pl.dzik.config.AppConfig - Ładowanie konfiguracji aplikacji...
2026-06-23 22:38:48 INFO  pl.dzik.config.AppConfig - Pomyślnie załadowano konfigurację aplikacji.
2026-06-23 22:38:48 INFO  pl.dzik.database.DatabaseInitializer - Rozpoczęcie sprawdzania i inicjalizacji tabel strukturalnych bazy danych...
2026-06-23 22:38:48 INFO  pl.dzik.database.DatabaseInitializer - Wszystkie tabele bazy danych zostały zweryfikowane pomyślnie.
2026-06-23 22:38:50 INFO  pl.dzik.App - Pomyślnie zarejestrowano kontrolery w silniku JavaScript
2026-06-23 22:38:50 DEBUG pl.dzik.controller.SystemStatusController - Synchronizacja przycisku interwału odświeżania na: 1 min.
2026-06-23 22:38:50 INFO  pl.dzik.service.MarketService - Rozpoczęcie procedury odświeżania notowań rynkowych...
2026-06-23 22:38:50 INFO  pl.dzik.service.MarketService - Uruchamianie synchronizacji słownika kryptowalut...
2026-06-23 22:38:50 INFO  pl.dzik.controller.SystemStatusController - Żądanie zmiany statusu aplikacji na: RUNNING
2026-06-23 22:38:50 INFO  pl.dzik.client.CoinGeckoClient - Wysyłanie zapytania do API o listę początkową kryptowalut (TOP 250)...
2026-06-23 22:38:50 DEBUG pl.dzik.controller.SystemStatusController - Pomyślnie zmieniono status aplikacji na: RUNNING (SYSTEM AKTYWNY)
2026-06-23 22:38:50 INFO  pl.dzik.service.MarketService - Brak aktywnych kryptowalut do monitorowania.
2026-06-23 22:38:50 INFO  pl.dzik.App - Odświeżono wszystkie komponenty interfejsu.
2026-06-23 22:38:51 INFO  pl.dzik.App - Odświeżono wszystkie komponenty interfejsu.
2026-06-23 22:38:53 INFO  pl.dzik.service.MarketService - Synchronizacja słownika zakończona sukcesem. Zaktualizowano 250 pozycji.
2026-06-23 22:39:01 INFO  pl.dzik.App - Zamykanie wątków w tle...
